#
# There is insufficient memory for the Java Runtime Environment to continue.
# Native memory allocation (malloc) failed to allocate 32756 bytes for ChunkPool::allocate
# Possible reasons:
#   The system is out of physical RAM or swap space
#   In 32 bit mode, the process size limit was hit
# Possible solutions:
#   Reduce memory load on the system
#   Increase physical memory or swap space
#   Check if swap backing store is full
#   Use 64 bit Java on a 64 bit OS
#   Decrease Java heap size (-Xmx/-Xms)
#   Decrease number of Java threads
#   Decrease Java thread stack sizes (-Xss)
#   Set larger code cache with -XX:ReservedCodeCacheSize=
# This output file may be truncated or incomplete.
#
#  Out of Memory Error (allocation.cpp:273), pid=3912, tid=0x00000f98
#
# JRE version: Java(TM) SE Runtime Environment (8.0_102-b14) (build 1.8.0_102-b14)
# Java VM: Java HotSpot(TM) Client VM (25.102-b14 mixed mode windows-x86 )
# Failed to write core dump. Minidumps are not enabled by default on client versions of Windows
#

---------------  T H R E A D  ---------------

Current thread (0x44219000):  JavaThread "C1 CompilerThread0" daemon [_thread_in_native, id=3992, stack(0x443e0000,0x44430000)]

Stack: [0x443e0000,0x44430000],  sp=0x4442ebe4,  free space=314k
Native frames: (J=compiled Java code, j=interpreted, Vv=VM code, C=native code)
V  [jvm.dll+0x1a9dbb]
V  [jvm.dll+0x1a2598]
V  [jvm.dll+0x8c561]
V  [jvm.dll+0x8c73d]
V  [jvm.dll+0x8cbb7]
V  [jvm.dll+0xa45d4]
V  [jvm.dll+0x1a12bb]
V  [jvm.dll+0x29c44d]
V  [jvm.dll+0x2a3385]
V  [jvm.dll+0x2a48d0]
V  [jvm.dll+0x2a4ce9]
V  [jvm.dll+0x289579]
V  [jvm.dll+0x28964a]
V  [jvm.dll+0x2897b8]
V  [jvm.dll+0x289a32]
V  [jvm.dll+0x6ffca]
V  [jvm.dll+0x7077f]
V  [jvm.dll+0x17d210]
V  [jvm.dll+0x17da8a]
V  [jvm.dll+0x1c2506]
C  [msvcr100.dll+0x5c556]
C  [msvcr100.dll+0x5c600]
C  [kernel32.dll+0x51174]
C  [ntdll.dll+0x5b3f5]
C  [ntdll.dll+0x5b3c8]
C  0x00000000


Current CompileTask:
C1:   1063  346   !        
[error occurred during error reporting (printing current compile task), id 0xe0000001]


---------------  P R O C E S S  ---------------

Java Threads: ( => current thread )
  0x44336c00 JavaThread "pool-2-thread-4" [_thread_blocked, id=1808, stack(0x449c0000,0x44a10000)]
  0x4432c800 JavaThread "pool-2-thread-3" [_thread_blocked, id=5408, stack(0x448b0000,0x44900000)]
  0x4432fc00 JavaThread "pool-2-thread-2" [_thread_in_Java, id=2644, stack(0x44720000,0x44770000)]
  0x44305c00 JavaThread "pool-3-thread-1" [_thread_blocked, id=6024, stack(0x444c0000,0x44510000)]
  0x44304000 JavaThread "pool-2-thread-1" [_thread_in_Java, id=2568, stack(0x44830000,0x44880000)]
  0x4423ac00 JavaThread "Service Thread" daemon [_thread_blocked, id=5440, stack(0x00f00000,0x00f50000)]
=>0x44219000 JavaThread "C1 CompilerThread0" daemon [_thread_in_native, id=3992, stack(0x443e0000,0x44430000)]
  0x44229000 JavaThread "Attach Listener" daemon [_thread_blocked, id=996, stack(0x00630000,0x00680000)]
  0x44226000 JavaThread "Signal Dispatcher" daemon [_thread_blocked, id=5540, stack(0x44470000,0x444c0000)]
  0x44205400 JavaThread "Finalizer" daemon [_thread_blocked, id=1128, stack(0x00eb0000,0x00f00000)]
  0x441dfc00 JavaThread "Reference Handler" daemon [_thread_blocked, id=3356, stack(0x00e40000,0x00e90000)]
  0x006fc000 JavaThread "main" [_thread_in_Java, id=5424, stack(0x006a0000,0x006f0000)]

Other Threads:
  0x441d9800 VMThread [stack: 0x005b0000,0x00600000] [id=6116]
  0x44223000 WatcherThread [stack: 0x44550000,0x445a0000] [id=5448]

VM state:not at safepoint (normal execution)

VM Mutex/Monitor currently owned by a thread: None

Heap:
 def new generation   total 4928K, used 4927K [0x03c00000, 0x04150000, 0x19150000)
  eden space 4416K, 100% used [0x03c00000, 0x04050000, 0x04050000)
  from space 512K,  99% used [0x040d0000, 0x0414fff8, 0x04150000)
  to   space 512K,   0% used [0x04050000, 0x04050000, 0x040d0000)
 tenured generation   total 10944K, used 3261K [0x19150000, 0x19c00000, 0x43c00000)
   the space 10944K,  29% used [0x19150000, 0x1947f7f0, 0x1947f800, 0x19c00000)
 Metaspace       used 3384K, capacity 3462K, committed 3520K, reserved 4480K

Card table byte_map: [0x00c20000,0x00e30000] byte_map_base: 0x00c02000

Polling page: 0x00140000

CodeCache: size=32768Kb used=1227Kb max_used=1227Kb free=31540Kb
 bounds [0x01bc0000, 0x01cf8000, 0x03bc0000]
 total_blobs=490 nmethods=346 adapters=75
 compilation: enabled

Compilation events (10 events):
Event: 1.040 Thread 0x44219000 nmethod 341 0x01cf1fc8 code [0x01cf20c0, 0x01cf214c]
Event: 1.040 Thread 0x44219000  342             java.util.HashSet::add (20 bytes)
Event: 1.040 Thread 0x44219000 nmethod 342 0x01cf21c8 code [0x01cf22d0, 0x01cf238c]
Event: 1.040 Thread 0x44219000  343             com.android.dx.ssa.SsaBasicBlock::getDomChildren (5 bytes)
Event: 1.041 Thread 0x44219000 nmethod 343 0x01cf2408 code [0x01cf2500, 0x01cf2580]
Event: 1.041 Thread 0x44219000  344             com.android.dx.rop.type.Type::getDescriptor (5 bytes)
Event: 1.041 Thread 0x44219000 nmethod 344 0x01cf25c8 code [0x01cf26c0, 0x01cf2740]
Event: 1.041 Thread 0x44219000  345             com.android.dx.ssa.SsaBasicBlock::getCountPhiInsns (45 bytes)
Event: 1.041 Thread 0x44219000 nmethod 345 0x01cf2788 code [0x01cf28b0, 0x01cf2a78]
Event: 1.041 Thread 0x44219000  346   !         com.android.dx.cf.code.BytecodeArray::parseInstruction (2764 bytes)

GC Heap History (6 events):
Event: 0.644 GC heap before
{Heap before GC invocations=0 (full 0):
 def new generation   total 4928K, used 4415K [0x03c00000, 0x04150000, 0x19150000)
  eden space 4416K,  99% used [0x03c00000, 0x0404ffd8, 0x04050000)
  from space 512K,   0% used [0x04050000, 0x04050000, 0x040d0000)
  to   space 512K,   0% used [0x040d0000, 0x040d0000, 0x04150000)
 tenured generation   total 10944K, used 0K [0x19150000, 0x19c00000, 0x43c00000)
   the space 10944K,   0% used [0x19150000, 0x19150000, 0x19150200, 0x19c00000)
 Metaspace       used 2644K, capacity 2790K, committed 2880K, reserved 4480K
Event: 0.651 GC heap after
Heap after GC invocations=1 (full 0):
 def new generation   total 4928K, used 512K [0x03c00000, 0x04150000, 0x19150000)
  eden space 4416K,   0% used [0x03c00000, 0x03c00000, 0x04050000)
  from space 512K, 100% used [0x040d0000, 0x04150000, 0x04150000)
  to   space 512K,   0% used [0x04050000, 0x04050000, 0x040d0000)
 tenured generation   total 10944K, used 1091K [0x19150000, 0x19c00000, 0x43c00000)
   the space 10944K,   9% used [0x19150000, 0x19260f08, 0x19261000, 0x19c00000)
 Metaspace       used 2644K, capacity 2790K, committed 2880K, reserved 4480K
}
Event: 0.837 GC heap before
{Heap before GC invocations=1 (full 0):
 def new generation   total 4928K, used 4928K [0x03c00000, 0x04150000, 0x19150000)
  eden space 4416K, 100% used [0x03c00000, 0x04050000, 0x04050000)
  from space 512K, 100% used [0x040d0000, 0x04150000, 0x04150000)
  to   space 512K,   0% used [0x04050000, 0x04050000, 0x040d0000)
 tenured generation   total 10944K, used 1091K [0x19150000, 0x19c00000, 0x43c00000)
   the space 10944K,   9% used [0x19150000, 0x19260f08, 0x19261000, 0x19c00000)
 Metaspace       used 3336K, capacity 3430K, committed 3520K, reserved 4480K
Event: 0.845 GC heap after
Heap after GC invocations=2 (full 0):
 def new generation   total 4928K, used 512K [0x03c00000, 0x04150000, 0x19150000)
  eden space 4416K,   0% used [0x03c00000, 0x03c00000, 0x04050000)
  from space 512K, 100% used [0x04050000, 0x040d0000, 0x040d0000)
  to   space 512K,   0% used [0x040d0000, 0x040d0000, 0x04150000)
 tenured generation   total 10944K, used 2514K [0x19150000, 0x19c00000, 0x43c00000)
   the space 10944K,  22% used [0x19150000, 0x193c4938, 0x193c4a00, 0x19c00000)
 Metaspace       used 3336K, capacity 3430K, committed 3520K, reserved 4480K
}
Event: 0.997 GC heap before
{Heap before GC invocations=2 (full 0):
 def new generation   total 4928K, used 4928K [0x03c00000, 0x04150000, 0x19150000)
  eden space 4416K, 100% used [0x03c00000, 0x04050000, 0x04050000)
  from space 512K, 100% used [0x04050000, 0x040d0000, 0x040d0000)
  to   space 512K,   0% used [0x040d0000, 0x040d0000, 0x04150000)
 tenured generation   total 10944K, used 2514K [0x19150000, 0x19c00000, 0x43c00000)
   the space 10944K,  22% used [0x19150000, 0x193c4938, 0x193c4a00, 0x19c00000)
 Metaspace       used 3383K, capacity 3462K, committed 3520K, reserved 4480K
Event: 1.006 GC heap after
Heap after GC invocations=3 (full 0):
 def new generation   total 4928K, used 511K [0x03c00000, 0x04150000, 0x19150000)
  eden space 4416K,   0% used [0x03c00000, 0x03c00000, 0x04050000)
  from space 512K,  99% used [0x040d0000, 0x0414fff8, 0x04150000)
  to   space 512K,   0% used [0x04050000, 0x04050000, 0x040d0000)
 tenured generation   total 10944K, used 3261K [0x19150000, 0x19c00000, 0x43c00000)
   the space 10944K,  29% used [0x19150000, 0x1947f7f0, 0x1947f800, 0x19c00000)
 Metaspace       used 3383K, capacity 3462K, committed 3520K, reserved 4480K
}

Deoptimization events (0 events):
No events

Internal exceptions (2 events):
Event: 0.087 Thread 0x006fc000 Exception <a 'java/lang/NoSuchMethodError': Method sun.misc.Unsafe.defineClass(Ljava/lang/String;[BII)Ljava/lang/Class; name or signature does not match> (0x03c06e68) thrown at [C:\re\workspace\8-2-build-windows-i586-cygwin\jdk8u102\7268\hotspot\src\share\³­Ad@¶?
Event: 0.087 Thread 0x006fc000 Exception <a 'java/lang/NoSuchMethodError': Method sun.misc.Unsafe.prefetchRead(Ljava/lang/Object;J)V name or signature does not match> (0x03c07138) thrown at [C:\re\workspace\8-2-build-windows-i586-cygwin\jdk8u102\7268\hotspot\src\share\vm\prims\jni.cpp, 

Events (10 events):
Event: 0.868 loading class com/android/dx/dex/file/UniformListItem
Event: 0.868 loading class com/android/dx/dex/file/UniformListItem done
Event: 0.869 loading class com/android/dx/dex/file/AnnotationSetRefItem
Event: 0.869 loading class com/android/dx/dex/file/AnnotationSetRefItem done
Event: 0.899 loading class com/android/dx/rop/code/RegOps
Event: 0.899 loading class com/android/dx/rop/code/RegOps done
Event: 0.932 Thread 0x4432c800 DEOPT PACKING pc=0x01cc9921 sp=0x448ff1f0
Event: 0.932 Thread 0x4432c800 DEOPT UNPACKING pc=0x01bfc5db sp=0x448ff1d0 mode 3
Event: 0.956 Executing VM operation: GenCollectForAllocation
Event: 1.006 Executing VM operation: GenCollectForAllocation done


Dynamic libraries:
0x00f80000 - 0x00fb3000 	C:\Program Files\Java\jdk1.8.0_102\bin\java.exe
0x77a50000 - 0x77b8c000 	C:\Windows\SYSTEM32\ntdll.dll
0x76bd0000 - 0x76ca4000 	C:\Windows\system32\kernel32.dll
0x75c20000 - 0x75c6a000 	C:\Windows\system32\KERNELBASE.dll
0x76d60000 - 0x76e00000 	C:\Windows\system32\ADVAPI32.dll
0x767b0000 - 0x7685c000 	C:\Windows\system32\msvcrt.dll
0x75ea0000 - 0x75eb9000 	C:\Windows\SYSTEM32\sechost.dll
0x76cb0000 - 0x76d51000 	C:\Windows\system32\RPCRT4.dll
0x76470000 - 0x76539000 	C:\Windows\system32\USER32.dll
0x763e0000 - 0x7642e000 	C:\Windows\system32\GDI32.dll
0x75f50000 - 0x75f5a000 	C:\Windows\system32\LPK.dll
0x76330000 - 0x763cd000 	C:\Windows\system32\USP10.dll
0x74ae0000 - 0x74c7e000 	C:\Windows\WinSxS\x86_microsoft.windows.common-controls_6595b64144ccf1df_6.0.7600.16385_none_421189da2b7fabfc\COMCTL32.dll
0x76700000 - 0x76757000 	C:\Windows\system32\SHLWAPI.dll
0x766e0000 - 0x766ff000 	C:\Windows\system32\IMM32.DLL
0x76260000 - 0x7632c000 	C:\Windows\system32\MSCTF.dll
0x75b60000 - 0x75b92000 	C:\Windows\system32\nvinit.dll
0x6df40000 - 0x6dfff000 	C:\Program Files\Java\jdk1.8.0_102\jre\bin\msvcr100.dll
0x54ad0000 - 0x54e9d000 	C:\Program Files\Java\jdk1.8.0_102\jre\bin\client\jvm.dll
0x719e0000 - 0x719e7000 	C:\Windows\system32\WSOCK32.dll
0x766a0000 - 0x766d5000 	C:\Windows\system32\WS2_32.dll
0x76460000 - 0x76466000 	C:\Windows\system32\NSI.dll
0x74130000 - 0x74162000 	C:\Windows\system32\WINMM.dll
0x75050000 - 0x75059000 	C:\Windows\system32\VERSION.dll
0x763d0000 - 0x763d5000 	C:\Windows\system32\PSAPI.DLL
0x72800000 - 0x7280c000 	C:\Program Files\Java\jdk1.8.0_102\jre\bin\verify.dll
0x6e650000 - 0x6e671000 	C:\Program Files\Java\jdk1.8.0_102\jre\bin\java.dll
0x6e690000 - 0x6e6a3000 	C:\Program Files\Java\jdk1.8.0_102\jre\bin\zip.dll
0x76e00000 - 0x77a49000 	C:\Windows\system32\SHELL32.dll
0x76540000 - 0x7669c000 	C:\Windows\system32\ole32.dll
0x75ba0000 - 0x75bab000 	C:\Windows\system32\profapi.dll

VM Arguments:
jvm_args: -Djava.awt.headless=true -Xmx1024M -Dfile.encoding=windows-1252 -Duser.country=US -Duser.language=en -Duser.variant 
java_command: com.android.dx.command.Main --dex --force-jumbo --num-threads=4 --multi-dex --output C:\Users\Alan\Desktop\UBus\app\build\intermediates\transforms\dex\debug\folders\1000\10\com.google.firebase-firebase-iid-10.2.0_c2e5d42475a90c99c74de0ca76dd05e9be53cfa1 C:\Users\Alan\Desktop\UBus\app\build\intermediates\exploded-aar\com.google.firebase\firebase-iid\10.2.0\jars\classes.jar
java_class_path (initial): C:\Users\Alan\AppData\Local\Android\sdk\build-tools\24.0.2\lib\dx.jar
Launcher Type: SUN_STANDARD

Environment Variables:
PATH=C:\ProgramData\Oracle\Java\javapath;C:\Windows\system32;C:\Windows;C:\Windows\System32\Wbem;C:\Windows\System32\WindowsPowerShell\v1.0\;C:\Program Files\Microsoft Network Monitor 3\;C:\Program Files\Docco Labs\SqlTableZip\
USERNAME=Alan
OS=Windows_NT
PROCESSOR_IDENTIFIER=x86 Family 6 Model 42 Stepping 7, GenuineIntel



---------------  S Y S T E M  ---------------

OS: Windows 7 Build 7600 (6.1.7600.16385)

CPU:total 4 (2 cores per cpu, 2 threads per core) family 6 model 42 stepping 7, cmov, cx8, fxsr, mmx, sse, sse2, sse3, ssse3, sse4.1, sse4.2, popcnt, clmul, ht, tsc, tscinvbit

Memory: 4k page, physical 3051664k(72168k free), swap 3280624k(5092k free)

vm_info: Java HotSpot(TM) Client VM (25.102-b14) for windows-x86 JRE (1.8.0_102-b14), built on Jun 22 2016 13:13:29 by "java_re" with MS VC++ 10.0 (VS2010)

time: Wed Mar 22 00:35:51 2017
elapsed time: 1 seconds (0d 0h 0m 1s)

